<?xml version="1.0" encoding="UTF-8"?>
<!-- Generated by org.testng.reporters.JUnitReportReporter -->
<testsuite hostname="muralim" failures="0" tests="1" name="practice.LogintovigerbycommandlineparameterTest" time="31.457" errors="0" timestamp="2022-03-23T13:24:28 IST" skipped="0">
  <testcase classname="practice.LogintovigerbycommandlineparameterTest" name="logintovtiger" time="31.457"/>
  <system-out/>
</testsuite> <!-- practice.LogintovigerbycommandlineparameterTest -->
