<?xml version="1.0" encoding="UTF-8"?>
<!-- Generated by org.testng.reporters.JUnitReportReporter -->
<testsuite hostname="muralim" failures="0" tests="1" name="practice.Createproduct" time="0.021" errors="0" timestamp="2022-03-22T19:05:50 IST" skipped="0">
  <testcase classname="practice.Createproduct" name="createProduct" time="0.021"/>
  <system-out/>
</testsuite> <!-- practice.Createproduct -->
